<?xml version="1.0" encoding="UTF-8"?>
<!-- Generated by org.testng.reporters.JUnitReportReporter -->
<testsuite hostname="Sithijas-MacBook-Pro.local" failures="0" tests="1" name="TestCases.tc_Login" time="10.203" errors="0" timestamp="2021-01-05T22:40:56 IST" skipped="0">
  <testcase classname="TestCases.tc_Login" name="bc_Login" time="10.203"/>
  <system-out/>
</testsuite> <!-- TestCases.tc_Login -->
